<?xml version="1.0" encoding="UTF-8"?>
<!-- Generated by org.testng.reporters.JUnitXMLReporter -->
<testsuite hostname="IT364925" ignored="0" name="Default test" tests="5" failures="0" timestamp="01 Nov 2018 00:49:18 GMT" time="118.915" errors="0">
  <testcase name="fill_Form_Test" time="12.696" classname="com.qa.purchaseorder.testcase.PuchaseOrderTest"/>
  <testcase name="fill_Form_Test" time="12.949" classname="com.qa.purchaseorder.testcase.PuchaseOrderTest"/>
  <testcase name="fill_Form_Test" time="13.398" classname="com.qa.purchaseorder.testcase.PuchaseOrderTest"/>
  <testcase name="fill_Form_Test" time="12.038" classname="com.qa.purchaseorder.testcase.PuchaseOrderTest"/>
  <testcase name="fill_Form_Test" time="15.184" classname="com.qa.purchaseorder.testcase.PuchaseOrderTest"/>
</testsuite> <!-- Default test -->
