<?xml version="1.0" encoding="UTF-8"?>
<testng-results skipped="0" failed="2" ignored="0" total="5" passed="3">
  <reporter-output>
  </reporter-output>
  <suite name="Suite" duration-ms="69422" started-at="2018-11-13T03:31:43Z" finished-at="2018-11-13T03:32:52Z">
    <groups>
    </groups>
    <test name="Test" duration-ms="69422" started-at="2018-11-13T03:31:43Z" finished-at="2018-11-13T03:32:52Z">
      <class name="com.qa.purchaseorder.testcase.PuchaseOrderTest">
        <test-method status="PASS" signature="setUp()[pri:0, instance:com.qa.purchaseorder.testcase.PuchaseOrderTest@6069db50]" name="setUp" is-config="true" duration-ms="11075" started-at="2018-11-13T03:31:43Z" finished-at="2018-11-13T03:31:54Z">
          <reporter-output>
          </reporter-output>
        </test-method> <!-- setUp -->
        <test-method status="PASS" signature="fill_Form_Test(java.util.Map)[pri:0, instance:com.qa.purchaseorder.testcase.PuchaseOrderTest@6069db50]" name="fill_Form_Test" duration-ms="17730" started-at="2018-11-13T03:31:55Z" data-provider="data" finished-at="2018-11-13T03:32:13Z">
          <params>
            <param index="0">
              <value>
                <![CDATA[{Are you making this request on behalf of someone else?(onBehalf)=No, Unit price (excl. GST)(lineItemUnitPrice5)= , Email address(emailAddress)= , First name(givenName)=Sophie, Description(lineItemDescription5)= , Project code(deptProjCode)= , Is this request for BOC(typeOfRequest)=No, Quantity(lineItemQuantity4)= , Is the request to be charged to a(requestToBeChargedTo)=Department/Service Division, Enter BOC customer account number(bocCustomerAccount)= , UPI/Username(uid)=ZAI148, Upload PhD PReSS account spreadsheet(pressAccount)= , Supplier number(supplierNumber)=0000010755, Upload details of the split you require(costCentreSPlitUpload)= , Cost centre code(costCentre)=1644, Supplier product code(lineItemSupplierPartID5)= , Internal UOA Product Code(internalProductCode)= , Select the department, faculty or service division this request is for:(departmentFaculty)=Faculty of Science, Delivery room number(deliveryRoomNumber)=140, Delivery city(deliveryCity)=Auckland, Suppress PO price from supplier?(suppressPoAmount)= , Description(lineItemDescription)=Autoclave Safety Valve Callibration, How many line items are you requesting?(numberOfLineItems)=1, Select the faculty or service division this request is for:(facultyServiceDiv)=Financial Services, First name(fName)= , Unit price (excl. GST)(lineItemUnitPrice6)= , Request-Status=180925-000008, Description(lineItemDescription6)= , Topic Id=1580, Delivery building number(deliveryBuildingNumber)=903, Quantity(lineItemQuantity)=1, Quantity(lineItemQuantity3)= , Supplier product code(lineItemSupplierPartID6)= , Date goods/services are needed(dateNeeded)=28/10/2018, Last name(lName)= , UPI/Username(requestorUpi)= , Supplier product code(lineItemSupplierPartID2)= , The requestor is(isStudent)=Staff, Upload additional documents(Upload1)= , Internal UOA Product Code(internalUoaProductCode1)= , Queue Id=205, Please select one(isStudent)= , Account code(accountCode)=775040, Unit price (excl. GST)(lineItemUnitPrice2)= , FORM_SUBMIT_DATE=03/10/2018 10:03:27, Supplier product code(lineItemSupplierPartID)=001, Are you making this request on behalf of someone else? e.g. someone else is the primary contact for this order(onBehalf)=No, Do you want to split this purchase order across cost centres, account codes or projects?(costCentreSplit)=No, Description(lineItemDescription3)= , Additional information(additionalInformation)= , Delivery address line 2(deliveryAddress2)=CBD, acknowledgement(acknowledgement)=I acknowledge that this request complies with University of Auckland Procurement Policy, Form Submission PDF(formSubmissionPDF)=, Quantity(lineItemQuantity2)= , Quantity(lineItemQuantity6)= , Project code(researchProjCode)= , Last name(sn)=Tregonning, Submitter=stre841, Supplier product code(lineItemSupplierPartID3)= , Upload 3(upload3)= , Request currency(requestCurrency)=NZD (New Zealand), Please provide your supervisor's UPI/Username(supervisorUPI)= , Upload 2(upload2)= , Supplier notes(supplierNotes)=Testing Supplier notes , Description(lineItemDescription2)= , Project code(phdProjCode)= , Account code(accountCodePress)= , Upload supervisors approval(supvApproval)= , Unit price (excl. GST)(lineItemUnitPrice3)= , Delivery post code(deliveryPostCode)=1023, Unit price (excl. GST)(lineItemUnitPrice4)= , Upload additional documents(upload2)=, Internal UOA Product Code(internalProductCode2)= , Description(lineItemDescription4)= , Upload additional documents for the supplier(Upload1)=, Email address(mail)=s.tregonning@auckland.ac.nz, Enter any additional notes about the split(splitComments)= , Quantity(lineItemQuantity5)= , Please attach a supporting document if there are more than 6 items(moreThanSixFile)= , Supplier product code(lineItemSupplierPartID4)= , Unit price (excl. GST)(lineItemUnitPrice)=134.9, Delivery address line 1(deliveryAddress1)=262 Khyber Pass, Supplier name(supplierName)=WIKA Instruments Limited}]]>
              </value>
            </param>
          </params>
          <reporter-output>
          </reporter-output>
        </test-method> <!-- fill_Form_Test -->
        <test-method status="PASS" signature="fill_Form_Test(java.util.Map)[pri:0, instance:com.qa.purchaseorder.testcase.PuchaseOrderTest@6069db50]" name="fill_Form_Test" duration-ms="14590" started-at="2018-11-13T03:32:13Z" data-provider="data" finished-at="2018-11-13T03:32:27Z">
          <params>
            <param index="0">
              <value>
                <![CDATA[{Are you making this request on behalf of someone else?(onBehalf)=No, Unit price (excl. GST)(lineItemUnitPrice5)= , Email address(emailAddress)= , First name(givenName)=Sophie, Description(lineItemDescription5)= , Project code(deptProjCode)= , Is this request for BOC(typeOfRequest)=No, Quantity(lineItemQuantity4)= , Is the request to be charged to a(requestToBeChargedTo)=Department/Service Division, Enter BOC customer account number(bocCustomerAccount)= , UPI/Username(uid)=ZAI148, Upload PhD PReSS account spreadsheet(pressAccount)= , Supplier number(supplierNumber)=0000010755, Upload details of the split you require(costCentreSPlitUpload)= , Cost centre code(costCentre)=1644, Supplier product code(lineItemSupplierPartID5)= , Internal UOA Product Code(internalProductCode)= , Select the department, faculty or service division this request is for:(departmentFaculty)=Faculty of Science, Delivery room number(deliveryRoomNumber)=140, Delivery city(deliveryCity)=Auckland, Suppress PO price from supplier?(suppressPoAmount)= , Description(lineItemDescription)=Autoclave Safety Valve Callibration, How many line items are you requesting?(numberOfLineItems)=1, Select the faculty or service division this request is for:(facultyServiceDiv)=Financial Services, First name(fName)= , Unit price (excl. GST)(lineItemUnitPrice6)= , Request-Status=180925-000008, Description(lineItemDescription6)= , Topic Id=1580, Delivery building number(deliveryBuildingNumber)=903, Quantity(lineItemQuantity)=1, Quantity(lineItemQuantity3)= , Supplier product code(lineItemSupplierPartID6)= , Date goods/services are needed(dateNeeded)=28/10/2018, Last name(lName)= , UPI/Username(requestorUpi)= , Supplier product code(lineItemSupplierPartID2)= , The requestor is(isStudent)=Staff, Upload additional documents(Upload1)= , Internal UOA Product Code(internalUoaProductCode1)= , Queue Id=205, Please select one(isStudent)= , Account code(accountCode)=775040, Unit price (excl. GST)(lineItemUnitPrice2)= , FORM_SUBMIT_DATE=03/10/2018 10:03:27, Supplier product code(lineItemSupplierPartID)=001, Are you making this request on behalf of someone else? e.g. someone else is the primary contact for this order(onBehalf)=No, Do you want to split this purchase order across cost centres, account codes or projects?(costCentreSplit)=No, Description(lineItemDescription3)= , Additional information(additionalInformation)= , Delivery address line 2(deliveryAddress2)=CBD, acknowledgement(acknowledgement)=I acknowledge that this request complies with University of Auckland Procurement Policy, Form Submission PDF(formSubmissionPDF)=, Quantity(lineItemQuantity2)= , Quantity(lineItemQuantity6)= , Project code(researchProjCode)= , Last name(sn)=Tregonning, Submitter=stre841, Supplier product code(lineItemSupplierPartID3)= , Upload 3(upload3)= , Request currency(requestCurrency)=NZD (New Zealand), Please provide your supervisor's UPI/Username(supervisorUPI)= , Upload 2(upload2)= , Supplier notes(supplierNotes)=Testing Supplier notes , Description(lineItemDescription2)= , Project code(phdProjCode)= , Account code(accountCodePress)= , Upload supervisors approval(supvApproval)= , Unit price (excl. GST)(lineItemUnitPrice3)= , Delivery post code(deliveryPostCode)=1023, Unit price (excl. GST)(lineItemUnitPrice4)= , Upload additional documents(upload2)=, Internal UOA Product Code(internalProductCode2)= , Description(lineItemDescription4)= , Upload additional documents for the supplier(Upload1)=, Email address(mail)=s.tregonning@auckland.ac.nz, Enter any additional notes about the split(splitComments)= , Quantity(lineItemQuantity5)= , Please attach a supporting document if there are more than 6 items(moreThanSixFile)= , Supplier product code(lineItemSupplierPartID4)= , Unit price (excl. GST)(lineItemUnitPrice)=134.9, Delivery address line 1(deliveryAddress1)=262 Khyber Pass, Supplier name(supplierName)=WIKA Instruments Limited}]]>
              </value>
            </param>
          </params>
          <reporter-output>
          </reporter-output>
        </test-method> <!-- fill_Form_Test -->
        <test-method status="PASS" signature="fill_Form_Test(java.util.Map)[pri:0, instance:com.qa.purchaseorder.testcase.PuchaseOrderTest@6069db50]" name="fill_Form_Test" duration-ms="14397" started-at="2018-11-13T03:32:27Z" data-provider="data" finished-at="2018-11-13T03:32:42Z">
          <params>
            <param index="0">
              <value>
                <![CDATA[{Are you making this request on behalf of someone else?(onBehalf)=No, Unit price (excl. GST)(lineItemUnitPrice5)= , Email address(emailAddress)= , First name(givenName)=Sophie, Description(lineItemDescription5)= , Project code(deptProjCode)= , Is this request for BOC(typeOfRequest)=No, Quantity(lineItemQuantity4)= , Is the request to be charged to a(requestToBeChargedTo)=Department/Service Division, Enter BOC customer account number(bocCustomerAccount)= , UPI/Username(uid)=ZAI148, Upload PhD PReSS account spreadsheet(pressAccount)= , Supplier number(supplierNumber)=0000010755, Upload details of the split you require(costCentreSPlitUpload)= , Cost centre code(costCentre)=1644, Supplier product code(lineItemSupplierPartID5)= , Internal UOA Product Code(internalProductCode)= , Select the department, faculty or service division this request is for:(departmentFaculty)=Faculty of Science, Delivery room number(deliveryRoomNumber)=140, Delivery city(deliveryCity)=Auckland, Suppress PO price from supplier?(suppressPoAmount)= , Description(lineItemDescription)=Autoclave Safety Valve Callibration, How many line items are you requesting?(numberOfLineItems)=1, Select the faculty or service division this request is for:(facultyServiceDiv)=Financial Services, First name(fName)= , Unit price (excl. GST)(lineItemUnitPrice6)= , Request-Status=180925-000008, Description(lineItemDescription6)= , Topic Id=1580, Delivery building number(deliveryBuildingNumber)=903, Quantity(lineItemQuantity)=1, Quantity(lineItemQuantity3)= , Supplier product code(lineItemSupplierPartID6)= , Date goods/services are needed(dateNeeded)=28/10/2018, Last name(lName)= , UPI/Username(requestorUpi)= , Supplier product code(lineItemSupplierPartID2)= , The requestor is(isStudent)=Staff, Upload additional documents(Upload1)= , Internal UOA Product Code(internalUoaProductCode1)= , Queue Id=205, Please select one(isStudent)= , Account code(accountCode)=775040, Unit price (excl. GST)(lineItemUnitPrice2)= , FORM_SUBMIT_DATE=03/10/2018 10:03:27, Supplier product code(lineItemSupplierPartID)=001, Are you making this request on behalf of someone else? e.g. someone else is the primary contact for this order(onBehalf)=No, Do you want to split this purchase order across cost centres, account codes or projects?(costCentreSplit)=No, Description(lineItemDescription3)= , Additional information(additionalInformation)= , Delivery address line 2(deliveryAddress2)=CBD, acknowledgement(acknowledgement)=I acknowledge that this request complies with University of Auckland Procurement Policy, Form Submission PDF(formSubmissionPDF)=, Quantity(lineItemQuantity2)= , Quantity(lineItemQuantity6)= , Project code(researchProjCode)= , Last name(sn)=Tregonning, Submitter=stre841, Supplier product code(lineItemSupplierPartID3)= , Upload 3(upload3)= , Request currency(requestCurrency)=NZD (New Zealand), Please provide your supervisor's UPI/Username(supervisorUPI)= , Upload 2(upload2)= , Supplier notes(supplierNotes)=Testing Supplier notes , Description(lineItemDescription2)= , Project code(phdProjCode)= , Account code(accountCodePress)= , Upload supervisors approval(supvApproval)= , Unit price (excl. GST)(lineItemUnitPrice3)= , Delivery post code(deliveryPostCode)=1023, Unit price (excl. GST)(lineItemUnitPrice4)= , Upload additional documents(upload2)=, Internal UOA Product Code(internalProductCode2)= , Description(lineItemDescription4)= , Upload additional documents for the supplier(Upload1)=, Email address(mail)=s.tregonning@auckland.ac.nz, Enter any additional notes about the split(splitComments)= , Quantity(lineItemQuantity5)= , Please attach a supporting document if there are more than 6 items(moreThanSixFile)= , Supplier product code(lineItemSupplierPartID4)= , Unit price (excl. GST)(lineItemUnitPrice)=134.9, Delivery address line 1(deliveryAddress1)=262 Khyber Pass, Supplier name(supplierName)=WIKA Instruments Limited}]]>
              </value>
            </param>
          </params>
          <reporter-output>
          </reporter-output>
        </test-method> <!-- fill_Form_Test -->
        <test-method status="FAIL" signature="fill_Form_Test(java.util.Map)[pri:0, instance:com.qa.purchaseorder.testcase.PuchaseOrderTest@6069db50]" name="fill_Form_Test" duration-ms="4044" started-at="2018-11-13T03:32:42Z" data-provider="data" finished-at="2018-11-13T03:32:46Z">
          <params>
            <param index="0">
              <value>
                <![CDATA[{Are you making this request on behalf of someone else?(onBehalf)=No, Unit price (excl. GST)(lineItemUnitPrice5)= , Email address(emailAddress)= , First name(givenName)=Sophie, Description(lineItemDescription5)= , Project code(deptProjCode)= , Is this request for BOC(typeOfRequest)=No, Quantity(lineItemQuantity4)= , Is the request to be charged to a(requestToBeChargedTo)=Department/Service Division, Enter BOC customer account number(bocCustomerAccount)= , UPI/Username(uid)=ZAI148, Upload PhD PReSS account spreadsheet(pressAccount)= , Supplier number(supplierNumber)=0000010755, Upload details of the split you require(costCentreSPlitUpload)= , Cost centre code(costCentre)=1644, Supplier product code(lineItemSupplierPartID5)= , Internal UOA Product Code(internalProductCode)= , Select the department, faculty or service division this request is for:(departmentFaculty)=Faculty of Science, Delivery room number(deliveryRoomNumber)=140, Delivery city(deliveryCity)=Auckland, Suppress PO price from supplier?(suppressPoAmount)= , Description(lineItemDescription)=Autoclave Safety Valve Callibration, How many line items are you requesting?(numberOfLineItems)=1, Select the faculty or service division this request is for:(facultyServiceDiv)=Financial Services, First name(fName)= , Unit price (excl. GST)(lineItemUnitPrice6)= , Request-Status=180925-000008, Description(lineItemDescription6)= , Topic Id=1580, Delivery building number(deliveryBuildingNumber)=903, Quantity(lineItemQuantity)=1, Quantity(lineItemQuantity3)= , Supplier product code(lineItemSupplierPartID6)= , Date goods/services are needed(dateNeeded)=28/10/2018, Last name(lName)= , UPI/Username(requestorUpi)= , Supplier product code(lineItemSupplierPartID2)= , The requestor is(isStudent)=Staff, Upload additional documents(Upload1)= , Internal UOA Product Code(internalUoaProductCode1)= , Queue Id=205, Please select one(isStudent)= , Account code(accountCode)=775040, Unit price (excl. GST)(lineItemUnitPrice2)= , FORM_SUBMIT_DATE=03/10/2018 10:03:27, Supplier product code(lineItemSupplierPartID)=001, Are you making this request on behalf of someone else? e.g. someone else is the primary contact for this order(onBehalf)=No, Do you want to split this purchase order across cost centres, account codes or projects?(costCentreSplit)=No, Description(lineItemDescription3)= , Additional information(additionalInformation)= , Delivery address line 2(deliveryAddress2)=CBD, acknowledgement(acknowledgement)=I acknowledge that this request complies with University of Auckland Procurement Policy, Form Submission PDF(formSubmissionPDF)=, Quantity(lineItemQuantity2)= , Quantity(lineItemQuantity6)= , Project code(researchProjCode)= , Last name(sn)=Tregonning, Submitter=stre841, Supplier product code(lineItemSupplierPartID3)= , Upload 3(upload3)= , Request currency(requestCurrency)=NZD (New Zealand), Please provide your supervisor's UPI/Username(supervisorUPI)= , Upload 2(upload2)= , Supplier notes(supplierNotes)=Testing Supplier notes , Description(lineItemDescription2)= , Project code(phdProjCode)= , Account code(accountCodePress)= , Upload supervisors approval(supvApproval)= , Unit price (excl. GST)(lineItemUnitPrice3)= , Delivery post code(deliveryPostCode)=1023, Unit price (excl. GST)(lineItemUnitPrice4)= , Upload additional documents(upload2)=, Internal UOA Product Code(internalProductCode2)= , Description(lineItemDescription4)= , Upload additional documents for the supplier(Upload1)=, Email address(mail)=s.tregonning@auckland.ac.nz, Enter any additional notes about the split(splitComments)= , Quantity(lineItemQuantity5)= , Please attach a supporting document if there are more than 6 items(moreThanSixFile)= , Supplier product code(lineItemSupplierPartID4)= , Unit price (excl. GST)(lineItemUnitPrice)=134.9, Delivery address line 1(deliveryAddress1)=262 Khyber Pass, Supplier name(supplierName)=WIKA Instruments Limited}]]>
              </value>
            </param>
          </params>
          <exception class="org.openqa.selenium.WebDriverException">
            <message>
              <![CDATA[chrome not reachable
  (Session info: chrome=70.0.3538.77)
  (Driver info: chromedriver=2.41.578737 (49da6702b16031c40d63e5618de03a32ff6c197e),platform=Windows NT 6.1.7601 SP1 x86_64) (WARNING: The server did not provide any stacktrace information)
Command duration or timeout: 0 milliseconds
Build info: version: '3.14.0', revision: 'aacccce0', time: '2018-08-02T20:19:58.91Z'
System info: host: 'IT364925', ip: '130.216.221.52', os.name: 'Windows 7', os.arch: 'amd64', os.version: '6.1', java.version: '1.8.0_172'
Driver info: org.openqa.selenium.chrome.ChromeDriver
Capabilities {acceptInsecureCerts: false, acceptSslCerts: false, applicationCacheEnabled: false, browserConnectionEnabled: false, browserName: chrome, chrome: {chromedriverVersion: 2.41.578737 (49da6702b16031..., userDataDir: C:\Users\kbas663\AppData\Lo...}, cssSelectorsEnabled: true, databaseEnabled: false, goog:chromeOptions: {debuggerAddress: localhost:52181}, handlesAlerts: true, hasTouchScreen: false, javascriptEnabled: true, locationContextEnabled: true, mobileEmulationEnabled: false, nativeEvents: true, networkConnectionEnabled: false, pageLoadStrategy: normal, platform: XP, platformName: XP, rotatable: false, setWindowRect: true, takesHeapSnapshot: true, takesScreenshot: true, unexpectedAlertBehaviour: , unhandledPromptBehavior: , version: 70.0.3538.77, webStorageEnabled: true}
Session ID: 3101f1acb07374300165530f8af8e3a5
*** Element info: {Using=xpath, value=//label[@for='uoa-form__onBehalf-1']}]]>
            </message>
            <full-stacktrace>
              <![CDATA[org.openqa.selenium.WebDriverException: chrome not reachable
  (Session info: chrome=70.0.3538.77)
  (Driver info: chromedriver=2.41.578737 (49da6702b16031c40d63e5618de03a32ff6c197e),platform=Windows NT 6.1.7601 SP1 x86_64) (WARNING: The server did not provide any stacktrace information)
Command duration or timeout: 0 milliseconds
Build info: version: '3.14.0', revision: 'aacccce0', time: '2018-08-02T20:19:58.91Z'
System info: host: 'IT364925', ip: '130.216.221.52', os.name: 'Windows 7', os.arch: 'amd64', os.version: '6.1', java.version: '1.8.0_172'
Driver info: org.openqa.selenium.chrome.ChromeDriver
Capabilities {acceptInsecureCerts: false, acceptSslCerts: false, applicationCacheEnabled: false, browserConnectionEnabled: false, browserName: chrome, chrome: {chromedriverVersion: 2.41.578737 (49da6702b16031..., userDataDir: C:\Users\kbas663\AppData\Lo...}, cssSelectorsEnabled: true, databaseEnabled: false, goog:chromeOptions: {debuggerAddress: localhost:52181}, handlesAlerts: true, hasTouchScreen: false, javascriptEnabled: true, locationContextEnabled: true, mobileEmulationEnabled: false, nativeEvents: true, networkConnectionEnabled: false, pageLoadStrategy: normal, platform: XP, platformName: XP, rotatable: false, setWindowRect: true, takesHeapSnapshot: true, takesScreenshot: true, unexpectedAlertBehaviour: , unhandledPromptBehavior: , version: 70.0.3538.77, webStorageEnabled: true}
Session ID: 3101f1acb07374300165530f8af8e3a5
*** Element info: {Using=xpath, value=//label[@for='uoa-form__onBehalf-1']}
at sun.reflect.NativeConstructorAccessorImpl.newInstance0(Native Method)
at sun.reflect.NativeConstructorAccessorImpl.newInstance(NativeConstructorAccessorImpl.java:62)
at sun.reflect.DelegatingConstructorAccessorImpl.newInstance(DelegatingConstructorAccessorImpl.java:45)
at java.lang.reflect.Constructor.newInstance(Constructor.java:423)
at org.openqa.selenium.remote.ErrorHandler.createThrowable(ErrorHandler.java:214)
at org.openqa.selenium.remote.ErrorHandler.throwIfResponseFailed(ErrorHandler.java:166)
at org.openqa.selenium.remote.http.JsonHttpResponseCodec.reconstructValue(JsonHttpResponseCodec.java:40)
at org.openqa.selenium.remote.http.AbstractHttpResponseCodec.decode(AbstractHttpResponseCodec.java:80)
at org.openqa.selenium.remote.http.AbstractHttpResponseCodec.decode(AbstractHttpResponseCodec.java:44)
at org.openqa.selenium.remote.HttpCommandExecutor.execute(HttpCommandExecutor.java:158)
at org.openqa.selenium.remote.service.DriverCommandExecutor.execute(DriverCommandExecutor.java:83)
at org.openqa.selenium.remote.RemoteWebDriver.execute(RemoteWebDriver.java:548)
at org.openqa.selenium.remote.RemoteWebDriver.findElement(RemoteWebDriver.java:322)
at org.openqa.selenium.remote.RemoteWebDriver.findElementByXPath(RemoteWebDriver.java:424)
at org.openqa.selenium.By$ByXPath.findElement(By.java:353)
at org.openqa.selenium.remote.RemoteWebDriver.findElement(RemoteWebDriver.java:314)
at org.openqa.selenium.support.pagefactory.DefaultElementLocator.findElement(DefaultElementLocator.java:69)
at org.openqa.selenium.support.pagefactory.internal.LocatingElementHandler.invoke(LocatingElementHandler.java:38)
at com.sun.proxy.$Proxy13.click(Unknown Source)
at com.qa.purchaseorder.page.HomePage.RadioBtn_click(HomePage.java:176)
at com.qa.purchaseorder.testcase.PuchaseOrderTest.fill_Form_Test(PuchaseOrderTest.java:153)
at sun.reflect.NativeMethodAccessorImpl.invoke0(Native Method)
at sun.reflect.NativeMethodAccessorImpl.invoke(NativeMethodAccessorImpl.java:62)
at sun.reflect.DelegatingMethodAccessorImpl.invoke(DelegatingMethodAccessorImpl.java:43)
at java.lang.reflect.Method.invoke(Method.java:498)
at org.testng.internal.MethodInvocationHelper.invokeMethod(MethodInvocationHelper.java:124)
at org.testng.internal.Invoker.invokeMethod(Invoker.java:583)
at org.testng.internal.Invoker.invokeTestMethod(Invoker.java:719)
at org.testng.internal.Invoker.invokeTestMethods(Invoker.java:989)
at org.testng.internal.TestMethodWorker.invokeTestMethods(TestMethodWorker.java:125)
at org.testng.internal.TestMethodWorker.run(TestMethodWorker.java:109)
at org.testng.TestRunner.privateRun(TestRunner.java:648)
at org.testng.TestRunner.run(TestRunner.java:505)
at org.testng.SuiteRunner.runTest(SuiteRunner.java:455)
at org.testng.SuiteRunner.runSequentially(SuiteRunner.java:450)
at org.testng.SuiteRunner.privateRun(SuiteRunner.java:415)
at org.testng.SuiteRunner.run(SuiteRunner.java:364)
at org.testng.SuiteRunnerWorker.runSuite(SuiteRunnerWorker.java:52)
at org.testng.SuiteRunnerWorker.run(SuiteRunnerWorker.java:84)
at org.testng.TestNG.runSuitesSequentially(TestNG.java:1208)
at org.testng.TestNG.runSuitesLocally(TestNG.java:1137)
at org.testng.TestNG.runSuites(TestNG.java:1049)
at org.testng.TestNG.run(TestNG.java:1017)
at org.apache.maven.surefire.testng.TestNGExecutor.run(TestNGExecutor.java:283)
at org.apache.maven.surefire.testng.TestNGXmlTestSuite.execute(TestNGXmlTestSuite.java:75)
at org.apache.maven.surefire.testng.TestNGProvider.invoke(TestNGProvider.java:120)
at org.apache.maven.surefire.booter.ForkedBooter.invokeProviderInSameClassLoader(ForkedBooter.java:383)
at org.apache.maven.surefire.booter.ForkedBooter.runSuitesInProcess(ForkedBooter.java:344)
at org.apache.maven.surefire.booter.ForkedBooter.execute(ForkedBooter.java:125)
at org.apache.maven.surefire.booter.ForkedBooter.main(ForkedBooter.java:417)
]]>
            </full-stacktrace>
          </exception> <!-- org.openqa.selenium.WebDriverException -->
          <reporter-output>
          </reporter-output>
        </test-method> <!-- fill_Form_Test -->
        <test-method status="FAIL" signature="fill_Form_Test(java.util.Map)[pri:0, instance:com.qa.purchaseorder.testcase.PuchaseOrderTest@6069db50]" name="fill_Form_Test" duration-ms="6040" started-at="2018-11-13T03:32:46Z" data-provider="data" finished-at="2018-11-13T03:32:52Z">
          <params>
            <param index="0">
              <value>
                <![CDATA[{Are you making this request on behalf of someone else?(onBehalf)=No, Unit price (excl. GST)(lineItemUnitPrice5)= , Email address(emailAddress)= , First name(givenName)=Sophie, Description(lineItemDescription5)= , Project code(deptProjCode)= , Is this request for BOC(typeOfRequest)=No, Quantity(lineItemQuantity4)= , Is the request to be charged to a(requestToBeChargedTo)=Department/Service Division, Enter BOC customer account number(bocCustomerAccount)= , UPI/Username(uid)=ZAI148, Upload PhD PReSS account spreadsheet(pressAccount)= , Supplier number(supplierNumber)=0000010755, Upload details of the split you require(costCentreSPlitUpload)= , Cost centre code(costCentre)=1644, Supplier product code(lineItemSupplierPartID5)= , Internal UOA Product Code(internalProductCode)= , Select the department, faculty or service division this request is for:(departmentFaculty)=Faculty of Science, Delivery room number(deliveryRoomNumber)=140, Delivery city(deliveryCity)=Auckland, Suppress PO price from supplier?(suppressPoAmount)= , Description(lineItemDescription)=Autoclave Safety Valve Callibration, How many line items are you requesting?(numberOfLineItems)=1, Select the faculty or service division this request is for:(facultyServiceDiv)=Financial Services, First name(fName)= , Unit price (excl. GST)(lineItemUnitPrice6)= , Request-Status=180925-000008, Description(lineItemDescription6)= , Topic Id=1580, Delivery building number(deliveryBuildingNumber)=903, Quantity(lineItemQuantity)=1, Quantity(lineItemQuantity3)= , Supplier product code(lineItemSupplierPartID6)= , Date goods/services are needed(dateNeeded)=28/10/2018, Last name(lName)= , UPI/Username(requestorUpi)= , Supplier product code(lineItemSupplierPartID2)= , The requestor is(isStudent)=Staff, Upload additional documents(Upload1)= , Internal UOA Product Code(internalUoaProductCode1)= , Queue Id=205, Please select one(isStudent)= , Account code(accountCode)=775040, Unit price (excl. GST)(lineItemUnitPrice2)= , FORM_SUBMIT_DATE=03/10/2018 10:03:27, Supplier product code(lineItemSupplierPartID)=001, Are you making this request on behalf of someone else? e.g. someone else is the primary contact for this order(onBehalf)=No, Do you want to split this purchase order across cost centres, account codes or projects?(costCentreSplit)=No, Description(lineItemDescription3)= , Additional information(additionalInformation)= , Delivery address line 2(deliveryAddress2)=CBD, acknowledgement(acknowledgement)=I acknowledge that this request complies with University of Auckland Procurement Policy, Form Submission PDF(formSubmissionPDF)=, Quantity(lineItemQuantity2)= , Quantity(lineItemQuantity6)= , Project code(researchProjCode)= , Last name(sn)=Tregonning, Submitter=stre841, Supplier product code(lineItemSupplierPartID3)= , Upload 3(upload3)= , Request currency(requestCurrency)=NZD (New Zealand), Please provide your supervisor's UPI/Username(supervisorUPI)= , Upload 2(upload2)= , Supplier notes(supplierNotes)=Testing Supplier notes , Description(lineItemDescription2)= , Project code(phdProjCode)= , Account code(accountCodePress)= , Upload supervisors approval(supvApproval)= , Unit price (excl. GST)(lineItemUnitPrice3)= , Delivery post code(deliveryPostCode)=1023, Unit price (excl. GST)(lineItemUnitPrice4)= , Upload additional documents(upload2)=, Internal UOA Product Code(internalProductCode2)= , Description(lineItemDescription4)= , Upload additional documents for the supplier(Upload1)=, Email address(mail)=s.tregonning@auckland.ac.nz, Enter any additional notes about the split(splitComments)= , Quantity(lineItemQuantity5)= , Please attach a supporting document if there are more than 6 items(moreThanSixFile)= , Supplier product code(lineItemSupplierPartID4)= , Unit price (excl. GST)(lineItemUnitPrice)=134.9, Delivery address line 1(deliveryAddress1)=262 Khyber Pass, Supplier name(supplierName)=WIKA Instruments Limited}]]>
              </value>
            </param>
          </params>
          <exception class="org.openqa.selenium.WebDriverException">
            <message>
              <![CDATA[chrome not reachable
  (Session info: chrome=70.0.3538.77)
  (Driver info: chromedriver=2.41.578737 (49da6702b16031c40d63e5618de03a32ff6c197e),platform=Windows NT 6.1.7601 SP1 x86_64) (WARNING: The server did not provide any stacktrace information)
Command duration or timeout: 0 milliseconds
Build info: version: '3.14.0', revision: 'aacccce0', time: '2018-08-02T20:19:58.91Z'
System info: host: 'IT364925', ip: '130.216.221.52', os.name: 'Windows 7', os.arch: 'amd64', os.version: '6.1', java.version: '1.8.0_172'
Driver info: org.openqa.selenium.chrome.ChromeDriver
Capabilities {acceptInsecureCerts: false, acceptSslCerts: false, applicationCacheEnabled: false, browserConnectionEnabled: false, browserName: chrome, chrome: {chromedriverVersion: 2.41.578737 (49da6702b16031..., userDataDir: C:\Users\kbas663\AppData\Lo...}, cssSelectorsEnabled: true, databaseEnabled: false, goog:chromeOptions: {debuggerAddress: localhost:52181}, handlesAlerts: true, hasTouchScreen: false, javascriptEnabled: true, locationContextEnabled: true, mobileEmulationEnabled: false, nativeEvents: true, networkConnectionEnabled: false, pageLoadStrategy: normal, platform: XP, platformName: XP, rotatable: false, setWindowRect: true, takesHeapSnapshot: true, takesScreenshot: true, unexpectedAlertBehaviour: , unhandledPromptBehavior: , version: 70.0.3538.77, webStorageEnabled: true}
Session ID: 3101f1acb07374300165530f8af8e3a5
*** Element info: {Using=xpath, value=//label[@for='uoa-form__onBehalf-1']}]]>
            </message>
            <full-stacktrace>
              <![CDATA[org.openqa.selenium.WebDriverException: chrome not reachable
  (Session info: chrome=70.0.3538.77)
  (Driver info: chromedriver=2.41.578737 (49da6702b16031c40d63e5618de03a32ff6c197e),platform=Windows NT 6.1.7601 SP1 x86_64) (WARNING: The server did not provide any stacktrace information)
Command duration or timeout: 0 milliseconds
Build info: version: '3.14.0', revision: 'aacccce0', time: '2018-08-02T20:19:58.91Z'
System info: host: 'IT364925', ip: '130.216.221.52', os.name: 'Windows 7', os.arch: 'amd64', os.version: '6.1', java.version: '1.8.0_172'
Driver info: org.openqa.selenium.chrome.ChromeDriver
Capabilities {acceptInsecureCerts: false, acceptSslCerts: false, applicationCacheEnabled: false, browserConnectionEnabled: false, browserName: chrome, chrome: {chromedriverVersion: 2.41.578737 (49da6702b16031..., userDataDir: C:\Users\kbas663\AppData\Lo...}, cssSelectorsEnabled: true, databaseEnabled: false, goog:chromeOptions: {debuggerAddress: localhost:52181}, handlesAlerts: true, hasTouchScreen: false, javascriptEnabled: true, locationContextEnabled: true, mobileEmulationEnabled: false, nativeEvents: true, networkConnectionEnabled: false, pageLoadStrategy: normal, platform: XP, platformName: XP, rotatable: false, setWindowRect: true, takesHeapSnapshot: true, takesScreenshot: true, unexpectedAlertBehaviour: , unhandledPromptBehavior: , version: 70.0.3538.77, webStorageEnabled: true}
Session ID: 3101f1acb07374300165530f8af8e3a5
*** Element info: {Using=xpath, value=//label[@for='uoa-form__onBehalf-1']}
at sun.reflect.NativeConstructorAccessorImpl.newInstance0(Native Method)
at sun.reflect.NativeConstructorAccessorImpl.newInstance(NativeConstructorAccessorImpl.java:62)
at sun.reflect.DelegatingConstructorAccessorImpl.newInstance(DelegatingConstructorAccessorImpl.java:45)
at java.lang.reflect.Constructor.newInstance(Constructor.java:423)
at org.openqa.selenium.remote.ErrorHandler.createThrowable(ErrorHandler.java:214)
at org.openqa.selenium.remote.ErrorHandler.throwIfResponseFailed(ErrorHandler.java:166)
at org.openqa.selenium.remote.http.JsonHttpResponseCodec.reconstructValue(JsonHttpResponseCodec.java:40)
at org.openqa.selenium.remote.http.AbstractHttpResponseCodec.decode(AbstractHttpResponseCodec.java:80)
at org.openqa.selenium.remote.http.AbstractHttpResponseCodec.decode(AbstractHttpResponseCodec.java:44)
at org.openqa.selenium.remote.HttpCommandExecutor.execute(HttpCommandExecutor.java:158)
at org.openqa.selenium.remote.service.DriverCommandExecutor.execute(DriverCommandExecutor.java:83)
at org.openqa.selenium.remote.RemoteWebDriver.execute(RemoteWebDriver.java:548)
at org.openqa.selenium.remote.RemoteWebDriver.findElement(RemoteWebDriver.java:322)
at org.openqa.selenium.remote.RemoteWebDriver.findElementByXPath(RemoteWebDriver.java:424)
at org.openqa.selenium.By$ByXPath.findElement(By.java:353)
at org.openqa.selenium.remote.RemoteWebDriver.findElement(RemoteWebDriver.java:314)
at org.openqa.selenium.support.pagefactory.DefaultElementLocator.findElement(DefaultElementLocator.java:69)
at org.openqa.selenium.support.pagefactory.internal.LocatingElementHandler.invoke(LocatingElementHandler.java:38)
at com.sun.proxy.$Proxy13.click(Unknown Source)
at com.qa.purchaseorder.page.HomePage.RadioBtn_click(HomePage.java:176)
at com.qa.purchaseorder.testcase.PuchaseOrderTest.fill_Form_Test(PuchaseOrderTest.java:153)
at sun.reflect.NativeMethodAccessorImpl.invoke0(Native Method)
at sun.reflect.NativeMethodAccessorImpl.invoke(NativeMethodAccessorImpl.java:62)
at sun.reflect.DelegatingMethodAccessorImpl.invoke(DelegatingMethodAccessorImpl.java:43)
at java.lang.reflect.Method.invoke(Method.java:498)
at org.testng.internal.MethodInvocationHelper.invokeMethod(MethodInvocationHelper.java:124)
at org.testng.internal.Invoker.invokeMethod(Invoker.java:583)
at org.testng.internal.Invoker.invokeTestMethod(Invoker.java:719)
at org.testng.internal.Invoker.invokeTestMethods(Invoker.java:989)
at org.testng.internal.TestMethodWorker.invokeTestMethods(TestMethodWorker.java:125)
at org.testng.internal.TestMethodWorker.run(TestMethodWorker.java:109)
at org.testng.TestRunner.privateRun(TestRunner.java:648)
at org.testng.TestRunner.run(TestRunner.java:505)
at org.testng.SuiteRunner.runTest(SuiteRunner.java:455)
at org.testng.SuiteRunner.runSequentially(SuiteRunner.java:450)
at org.testng.SuiteRunner.privateRun(SuiteRunner.java:415)
at org.testng.SuiteRunner.run(SuiteRunner.java:364)
at org.testng.SuiteRunnerWorker.runSuite(SuiteRunnerWorker.java:52)
at org.testng.SuiteRunnerWorker.run(SuiteRunnerWorker.java:84)
at org.testng.TestNG.runSuitesSequentially(TestNG.java:1208)
at org.testng.TestNG.runSuitesLocally(TestNG.java:1137)
at org.testng.TestNG.runSuites(TestNG.java:1049)
at org.testng.TestNG.run(TestNG.java:1017)
at org.apache.maven.surefire.testng.TestNGExecutor.run(TestNGExecutor.java:283)
at org.apache.maven.surefire.testng.TestNGXmlTestSuite.execute(TestNGXmlTestSuite.java:75)
at org.apache.maven.surefire.testng.TestNGProvider.invoke(TestNGProvider.java:120)
at org.apache.maven.surefire.booter.ForkedBooter.invokeProviderInSameClassLoader(ForkedBooter.java:383)
at org.apache.maven.surefire.booter.ForkedBooter.runSuitesInProcess(ForkedBooter.java:344)
at org.apache.maven.surefire.booter.ForkedBooter.execute(ForkedBooter.java:125)
at org.apache.maven.surefire.booter.ForkedBooter.main(ForkedBooter.java:417)
]]>
            </full-stacktrace>
          </exception> <!-- org.openqa.selenium.WebDriverException -->
          <reporter-output>
          </reporter-output>
        </test-method> <!-- fill_Form_Test -->
        <test-method status="PASS" signature="tearDown()[pri:0, instance:com.qa.purchaseorder.testcase.PuchaseOrderTest@6069db50]" name="tearDown" is-config="true" duration-ms="610" started-at="2018-11-13T03:32:52Z" finished-at="2018-11-13T03:32:52Z">
          <reporter-output>
          </reporter-output>
        </test-method> <!-- tearDown -->
      </class> <!-- com.qa.purchaseorder.testcase.PuchaseOrderTest -->
    </test> <!-- Test -->
  </suite> <!-- Suite -->
</testng-results>
