<?xml version="1.0" encoding="UTF-8"?>
<testng-results skipped="0" failed="0" ignored="0" total="5" passed="5">
  <reporter-output>
  </reporter-output>
  <suite name="Default suite" duration-ms="118915" started-at="2018-11-01T00:47:19Z" finished-at="2018-11-01T00:49:18Z">
    <groups>
    </groups>
    <test name="Default test" duration-ms="118915" started-at="2018-11-01T00:47:19Z" finished-at="2018-11-01T00:49:18Z">
      <class name="com.qa.purchaseorder.testcase.PuchaseOrderTest">
        <test-method status="PASS" signature="setUp()[pri:0, instance:com.qa.purchaseorder.testcase.PuchaseOrderTest@3b0090a4]" name="setUp" is-config="true" duration-ms="9633" started-at="2018-11-01T00:47:20Z" finished-at="2018-11-01T00:47:29Z">
          <reporter-output>
          </reporter-output>
        </test-method> <!-- setUp -->
        <test-method status="PASS" signature="fill_Form_Test(java.util.Map)[pri:0, instance:com.qa.purchaseorder.testcase.PuchaseOrderTest@3b0090a4]" name="fill_Form_Test" duration-ms="12696" started-at="2018-11-01T00:47:29Z" data-provider="data" finished-at="2018-11-01T00:47:42Z">
          <params>
            <param index="0">
              <value>
                <![CDATA[{Are you making this request on behalf of someone else?(onBehalf)=No, Unit price (excl. GST)(lineItemUnitPrice5)= , Email address(emailAddress)= , First name(givenName)=Sophie, Description(lineItemDescription5)= , Project code(deptProjCode)= , Is this request for BOC(typeOfRequest)=No, Quantity(lineItemQuantity4)= , Is the request to be charged to a(requestToBeChargedTo)=Department/Service Division, Enter BOC customer account number(bocCustomerAccount)= , UPI/Username(uid)=ZAI148, Upload PhD PReSS account spreadsheet(pressAccount)= , Supplier number(supplierNumber)=0000010755, Upload details of the split you require(costCentreSPlitUpload)= , Cost centre code(costCentre)=1644, Supplier product code(lineItemSupplierPartID5)= , Internal UOA Product Code(internalProductCode)= , Select the department, faculty or service division this request is for:(departmentFaculty)=Faculty of Science, Delivery room number(deliveryRoomNumber)=140, Delivery city(deliveryCity)=Auckland, Suppress PO price from supplier?(suppressPoAmount)=yes, Description(lineItemDescription)=Autoclave Safety Valve Callibration, How many line items are you requesting?(numberOfLineItems)=1, Select the faculty or service division this request is for:(facultyServiceDiv)=Financial Services, First name(fName)= , Unit price (excl. GST)(lineItemUnitPrice6)= , Request-Status=180925-000008, Description(lineItemDescription6)= , Topic Id=1580, Delivery building number(deliveryBuildingNumber)=903, Quantity(lineItemQuantity)=1, Quantity(lineItemQuantity3)= , Supplier product code(lineItemSupplierPartID6)= , Are you making this request on behalf of someone else? e.g. someone else is the primary contact for this order.(onBehalf)=No, Date goods/services are needed(dateNeeded)=28/10/2018, Last name(lName)= , UPI/Username(requestorUpi)= , Supplier product code(lineItemSupplierPartID2)= , The requestor is(isStudent)=Staff, Upload additional documents(Upload1)= , Internal UOA Product Code(internalUoaProductCode1)= , Queue Id=205, Please select one(isStudent)= , Account code(accountCode)=775040, Unit price (excl. GST)(lineItemUnitPrice2)= , FORM_SUBMIT_DATE=03/10/2018 10:03:27, Supplier product code(lineItemSupplierPartID)=001, Do you want to split this purchase order across cost centres, account codes or projects?(costCentreSplit)=No, Description(lineItemDescription3)= , Additional information(additionalInformation)= , Delivery address line 2(deliveryAddress2)=CBD, acknowledgement(acknowledgement)=I acknowledge that this request complies with University of Auckland Procurement Policy, Form Submission PDF(formSubmissionPDF)=, Quantity(lineItemQuantity2)= , Quantity(lineItemQuantity6)= , Project code(researchProjCode)= , Last name(sn)=Tregonning, Submitter=stre841, Supplier product code(lineItemSupplierPartID3)= , Upload 3(upload3)= , Request currency(requestCurrency)=NZD (New Zealand), Please provide your supervisor's UPI/Username(supervisorUPI)= , Upload 2(upload2)= , Supplier notes(supplierNotes)=Testing Supplier notes , Description(lineItemDescription2)= , Project code(phdProjCode)=12345.0, Account code(accountCodePress)=312771, Upload supervisors approval(supvApproval)=, Unit price (excl. GST)(lineItemUnitPrice3)= , Delivery post code(deliveryPostCode)=1023, Unit price (excl. GST)(lineItemUnitPrice4)= , Upload additional documents(upload2)=C:\Users\kbas663\Desktop\TestData\actual\testdoc.docx, Internal UOA Product Code(internalProductCode2)= , Description(lineItemDescription4)= , Upload additional documents for the supplier(Upload1)=C:\Users\kbas663\Desktop\TestData\actual\testdoc.docx, Email address(mail)=s.tregonning@auckland.ac.nz, Enter any additional notes about the split(splitComments)= , Quantity(lineItemQuantity5)= , Please attach a supporting document if there are more than 6 items(moreThanSixFile)= , Supplier product code(lineItemSupplierPartID4)= , Unit price (excl. GST)(lineItemUnitPrice)=134.9, Delivery address line 1(deliveryAddress1)=262 Khyber Pass, Supplier name(supplierName)=WIKA Instruments Limited}]]>
              </value>
            </param>
          </params>
          <reporter-output>
          </reporter-output>
        </test-method> <!-- fill_Form_Test -->
        <test-method status="PASS" signature="tearDown()[pri:0, instance:com.qa.purchaseorder.testcase.PuchaseOrderTest@3b0090a4]" name="tearDown" is-config="true" duration-ms="721" started-at="2018-11-01T00:47:42Z" finished-at="2018-11-01T00:47:43Z">
          <reporter-output>
          </reporter-output>
        </test-method> <!-- tearDown -->
        <test-method status="PASS" signature="setUp()[pri:0, instance:com.qa.purchaseorder.testcase.PuchaseOrderTest@3b0090a4]" name="setUp" is-config="true" duration-ms="9605" started-at="2018-11-01T00:47:43Z" finished-at="2018-11-01T00:47:52Z">
          <reporter-output>
          </reporter-output>
        </test-method> <!-- setUp -->
        <test-method status="PASS" signature="fill_Form_Test(java.util.Map)[pri:0, instance:com.qa.purchaseorder.testcase.PuchaseOrderTest@3b0090a4]" name="fill_Form_Test" duration-ms="12949" started-at="2018-11-01T00:47:52Z" data-provider="data" finished-at="2018-11-01T00:48:05Z">
          <params>
            <param index="0">
              <value>
                <![CDATA[{Are you making this request on behalf of someone else?(onBehalf)=No, Unit price (excl. GST)(lineItemUnitPrice5)= , Email address(emailAddress)= , First name(givenName)=Sophie, Description(lineItemDescription5)= , Project code(deptProjCode)= , Is this request for BOC(typeOfRequest)=No, Quantity(lineItemQuantity4)= , Is the request to be charged to a(requestToBeChargedTo)=Department/Service Division, Enter BOC customer account number(bocCustomerAccount)= , UPI/Username(uid)=ZAI148, Upload PhD PReSS account spreadsheet(pressAccount)= , Supplier number(supplierNumber)=0000010755, Upload details of the split you require(costCentreSPlitUpload)= , Cost centre code(costCentre)=1644, Supplier product code(lineItemSupplierPartID5)= , Internal UOA Product Code(internalProductCode)= , Select the department, faculty or service division this request is for:(departmentFaculty)=Faculty of Science, Delivery room number(deliveryRoomNumber)=140, Delivery city(deliveryCity)=Auckland, Suppress PO price from supplier?(suppressPoAmount)=yes, Description(lineItemDescription)=Autoclave Safety Valve Callibration, How many line items are you requesting?(numberOfLineItems)=1, Select the faculty or service division this request is for:(facultyServiceDiv)=Financial Services, First name(fName)= , Unit price (excl. GST)(lineItemUnitPrice6)= , Request-Status=180925-000008, Description(lineItemDescription6)= , Topic Id=1580, Delivery building number(deliveryBuildingNumber)=903, Quantity(lineItemQuantity)=1, Quantity(lineItemQuantity3)= , Supplier product code(lineItemSupplierPartID6)= , Are you making this request on behalf of someone else? e.g. someone else is the primary contact for this order.(onBehalf)=No, Date goods/services are needed(dateNeeded)=28/10/2018, Last name(lName)= , UPI/Username(requestorUpi)= , Supplier product code(lineItemSupplierPartID2)= , The requestor is(isStudent)=Staff, Upload additional documents(Upload1)= , Internal UOA Product Code(internalUoaProductCode1)= , Queue Id=205, Please select one(isStudent)= , Account code(accountCode)=775040, Unit price (excl. GST)(lineItemUnitPrice2)= , FORM_SUBMIT_DATE=03/10/2018 10:03:27, Supplier product code(lineItemSupplierPartID)=001, Do you want to split this purchase order across cost centres, account codes or projects?(costCentreSplit)=No, Description(lineItemDescription3)= , Additional information(additionalInformation)= , Delivery address line 2(deliveryAddress2)=CBD, acknowledgement(acknowledgement)=I acknowledge that this request complies with University of Auckland Procurement Policy, Form Submission PDF(formSubmissionPDF)=, Quantity(lineItemQuantity2)= , Quantity(lineItemQuantity6)= , Project code(researchProjCode)= , Last name(sn)=Tregonning, Submitter=stre841, Supplier product code(lineItemSupplierPartID3)= , Upload 3(upload3)= , Request currency(requestCurrency)=NZD (New Zealand), Please provide your supervisor's UPI/Username(supervisorUPI)= , Upload 2(upload2)= , Supplier notes(supplierNotes)=Testing Supplier notes , Description(lineItemDescription2)= , Project code(phdProjCode)=11042.0, Account code(accountCodePress)=312771, Upload supervisors approval(supvApproval)=, Unit price (excl. GST)(lineItemUnitPrice3)= , Delivery post code(deliveryPostCode)=1023, Unit price (excl. GST)(lineItemUnitPrice4)= , Upload additional documents(upload2)=C:\Users\kbas663\Desktop\TestData\actual\testdoc.docx, Internal UOA Product Code(internalProductCode2)= , Description(lineItemDescription4)= , Upload additional documents for the supplier(Upload1)=C:\Users\kbas663\Desktop\TestData\actual\testdoc.docx, Email address(mail)=s.tregonning@auckland.ac.nz, Enter any additional notes about the split(splitComments)= , Quantity(lineItemQuantity5)= , Please attach a supporting document if there are more than 6 items(moreThanSixFile)= , Supplier product code(lineItemSupplierPartID4)= , Unit price (excl. GST)(lineItemUnitPrice)=134.9, Delivery address line 1(deliveryAddress1)=262 Khyber Pass, Supplier name(supplierName)=WIKA Instruments Limited}]]>
              </value>
            </param>
          </params>
          <reporter-output>
          </reporter-output>
        </test-method> <!-- fill_Form_Test -->
        <test-method status="PASS" signature="tearDown()[pri:0, instance:com.qa.purchaseorder.testcase.PuchaseOrderTest@3b0090a4]" name="tearDown" is-config="true" duration-ms="683" started-at="2018-11-01T00:48:05Z" finished-at="2018-11-01T00:48:06Z">
          <reporter-output>
          </reporter-output>
        </test-method> <!-- tearDown -->
        <test-method status="PASS" signature="setUp()[pri:0, instance:com.qa.purchaseorder.testcase.PuchaseOrderTest@3b0090a4]" name="setUp" is-config="true" duration-ms="8968" started-at="2018-11-01T00:48:06Z" finished-at="2018-11-01T00:48:15Z">
          <reporter-output>
          </reporter-output>
        </test-method> <!-- setUp -->
        <test-method status="PASS" signature="fill_Form_Test(java.util.Map)[pri:0, instance:com.qa.purchaseorder.testcase.PuchaseOrderTest@3b0090a4]" name="fill_Form_Test" duration-ms="13398" started-at="2018-11-01T00:48:15Z" data-provider="data" finished-at="2018-11-01T00:48:28Z">
          <params>
            <param index="0">
              <value>
                <![CDATA[{Are you making this request on behalf of someone else?(onBehalf)=No, Unit price (excl. GST)(lineItemUnitPrice5)= , Email address(emailAddress)= , First name(givenName)=Sophie, Description(lineItemDescription5)= , Project code(deptProjCode)= , Is this request for BOC(typeOfRequest)=No, Quantity(lineItemQuantity4)= , Is the request to be charged to a(requestToBeChargedTo)=Department/Service Division, Enter BOC customer account number(bocCustomerAccount)= , UPI/Username(uid)=ZAI148, Upload PhD PReSS account spreadsheet(pressAccount)= , Supplier number(supplierNumber)=0000010755, Upload details of the split you require(costCentreSPlitUpload)= , Cost centre code(costCentre)=1644, Supplier product code(lineItemSupplierPartID5)= , Internal UOA Product Code(internalProductCode)= , Select the department, faculty or service division this request is for:(departmentFaculty)=Faculty of Science, Delivery room number(deliveryRoomNumber)=140, Delivery city(deliveryCity)=Auckland, Suppress PO price from supplier?(suppressPoAmount)=yes, Description(lineItemDescription)=Autoclave Safety Valve Callibration, How many line items are you requesting?(numberOfLineItems)=1, Select the faculty or service division this request is for:(facultyServiceDiv)=Financial Services, First name(fName)= , Unit price (excl. GST)(lineItemUnitPrice6)= , Request-Status=180925-000008, Description(lineItemDescription6)= , Topic Id=1580, Delivery building number(deliveryBuildingNumber)=903, Quantity(lineItemQuantity)=1, Quantity(lineItemQuantity3)= , Supplier product code(lineItemSupplierPartID6)= , Are you making this request on behalf of someone else? e.g. someone else is the primary contact for this order.(onBehalf)=No, Date goods/services are needed(dateNeeded)=28/10/2018, Last name(lName)= , UPI/Username(requestorUpi)= , Supplier product code(lineItemSupplierPartID2)= , The requestor is(isStudent)=Staff, Upload additional documents(Upload1)= , Internal UOA Product Code(internalUoaProductCode1)= , Queue Id=205, Please select one(isStudent)= , Account code(accountCode)=775040, Unit price (excl. GST)(lineItemUnitPrice2)= , FORM_SUBMIT_DATE=03/10/2018 10:03:27, Supplier product code(lineItemSupplierPartID)=001, Do you want to split this purchase order across cost centres, account codes or projects?(costCentreSplit)=No, Description(lineItemDescription3)= , Additional information(additionalInformation)= , Delivery address line 2(deliveryAddress2)=CBD, acknowledgement(acknowledgement)=I acknowledge that this request complies with University of Auckland Procurement Policy, Form Submission PDF(formSubmissionPDF)=, Quantity(lineItemQuantity2)= , Quantity(lineItemQuantity6)= , Project code(researchProjCode)= , Last name(sn)=Tregonning, Submitter=stre841, Supplier product code(lineItemSupplierPartID3)= , Upload 3(upload3)= , Request currency(requestCurrency)=NZD (New Zealand), Please provide your supervisor's UPI/Username(supervisorUPI)= , Upload 2(upload2)= , Supplier notes(supplierNotes)=Testing Supplier notes , Description(lineItemDescription2)= , Project code(phdProjCode)=11042.0, Account code(accountCodePress)=312771, Upload supervisors approval(supvApproval)=, Unit price (excl. GST)(lineItemUnitPrice3)= , Delivery post code(deliveryPostCode)=1023, Unit price (excl. GST)(lineItemUnitPrice4)= , Upload additional documents(upload2)=C:\Users\kbas663\Desktop\TestData\actual\testdoc.docx, Internal UOA Product Code(internalProductCode2)= , Description(lineItemDescription4)= , Upload additional documents for the supplier(Upload1)=C:\Users\kbas663\Desktop\TestData\actual\testdoc.docx, Email address(mail)=s.tregonning@auckland.ac.nz, Enter any additional notes about the split(splitComments)= , Quantity(lineItemQuantity5)= , Please attach a supporting document if there are more than 6 items(moreThanSixFile)= , Supplier product code(lineItemSupplierPartID4)= , Unit price (excl. GST)(lineItemUnitPrice)=134.9, Delivery address line 1(deliveryAddress1)=262 Khyber Pass, Supplier name(supplierName)=WIKA Instruments Limited}]]>
              </value>
            </param>
          </params>
          <reporter-output>
          </reporter-output>
        </test-method> <!-- fill_Form_Test -->
        <test-method status="PASS" signature="tearDown()[pri:0, instance:com.qa.purchaseorder.testcase.PuchaseOrderTest@3b0090a4]" name="tearDown" is-config="true" duration-ms="738" started-at="2018-11-01T00:48:28Z" finished-at="2018-11-01T00:48:29Z">
          <reporter-output>
          </reporter-output>
        </test-method> <!-- tearDown -->
        <test-method status="PASS" signature="setUp()[pri:0, instance:com.qa.purchaseorder.testcase.PuchaseOrderTest@3b0090a4]" name="setUp" is-config="true" duration-ms="8238" started-at="2018-11-01T00:48:29Z" finished-at="2018-11-01T00:48:37Z">
          <reporter-output>
          </reporter-output>
        </test-method> <!-- setUp -->
        <test-method status="PASS" signature="fill_Form_Test(java.util.Map)[pri:0, instance:com.qa.purchaseorder.testcase.PuchaseOrderTest@3b0090a4]" name="fill_Form_Test" duration-ms="12038" started-at="2018-11-01T00:48:37Z" data-provider="data" finished-at="2018-11-01T00:48:49Z">
          <params>
            <param index="0">
              <value>
                <![CDATA[{Are you making this request on behalf of someone else?(onBehalf)=No, Unit price (excl. GST)(lineItemUnitPrice5)= , Email address(emailAddress)= , First name(givenName)=Sophie, Description(lineItemDescription5)= , Project code(deptProjCode)= , Is this request for BOC(typeOfRequest)=No, Quantity(lineItemQuantity4)= , Is the request to be charged to a(requestToBeChargedTo)=Department/Service Division, Enter BOC customer account number(bocCustomerAccount)= , UPI/Username(uid)=ZAI148, Upload PhD PReSS account spreadsheet(pressAccount)= , Supplier number(supplierNumber)=0000010755, Upload details of the split you require(costCentreSPlitUpload)= , Cost centre code(costCentre)=1644, Supplier product code(lineItemSupplierPartID5)= , Internal UOA Product Code(internalProductCode)= , Select the department, faculty or service division this request is for:(departmentFaculty)=Faculty of Science, Delivery room number(deliveryRoomNumber)=140, Delivery city(deliveryCity)=Auckland, Suppress PO price from supplier?(suppressPoAmount)=yes, Description(lineItemDescription)=Autoclave Safety Valve Callibration, How many line items are you requesting?(numberOfLineItems)=1, Select the faculty or service division this request is for:(facultyServiceDiv)=Financial Services, First name(fName)= , Unit price (excl. GST)(lineItemUnitPrice6)= , Request-Status=180925-000008, Description(lineItemDescription6)= , Topic Id=1580, Delivery building number(deliveryBuildingNumber)=903, Quantity(lineItemQuantity)=1, Quantity(lineItemQuantity3)= , Supplier product code(lineItemSupplierPartID6)= , Are you making this request on behalf of someone else? e.g. someone else is the primary contact for this order.(onBehalf)=No, Date goods/services are needed(dateNeeded)=28/10/2018, Last name(lName)= , UPI/Username(requestorUpi)= , Supplier product code(lineItemSupplierPartID2)= , The requestor is(isStudent)=Staff, Upload additional documents(Upload1)= , Internal UOA Product Code(internalUoaProductCode1)= , Queue Id=205, Please select one(isStudent)= , Account code(accountCode)=775040, Unit price (excl. GST)(lineItemUnitPrice2)= , FORM_SUBMIT_DATE=03/10/2018 10:03:27, Supplier product code(lineItemSupplierPartID)=001, Do you want to split this purchase order across cost centres, account codes or projects?(costCentreSplit)=No, Description(lineItemDescription3)= , Additional information(additionalInformation)= , Delivery address line 2(deliveryAddress2)=CBD, acknowledgement(acknowledgement)=I acknowledge that this request complies with University of Auckland Procurement Policy, Form Submission PDF(formSubmissionPDF)=, Quantity(lineItemQuantity2)= , Quantity(lineItemQuantity6)= , Project code(researchProjCode)= , Last name(sn)=Tregonning, Submitter=stre841, Supplier product code(lineItemSupplierPartID3)= , Upload 3(upload3)= , Request currency(requestCurrency)=NZD (New Zealand), Please provide your supervisor's UPI/Username(supervisorUPI)= , Upload 2(upload2)= , Supplier notes(supplierNotes)=Testing Supplier notes , Description(lineItemDescription2)= , Project code(phdProjCode)=11042.0, Account code(accountCodePress)=312771, Upload supervisors approval(supvApproval)=, Unit price (excl. GST)(lineItemUnitPrice3)= , Delivery post code(deliveryPostCode)=1023, Unit price (excl. GST)(lineItemUnitPrice4)= , Upload additional documents(upload2)=C:\Users\kbas663\Desktop\TestData\actual\testdoc.docx, Internal UOA Product Code(internalProductCode2)= , Description(lineItemDescription4)= , Upload additional documents for the supplier(Upload1)=C:\Users\kbas663\Desktop\TestData\actual\testdoc.docx, Email address(mail)=s.tregonning@auckland.ac.nz, Enter any additional notes about the split(splitComments)= , Quantity(lineItemQuantity5)= , Please attach a supporting document if there are more than 6 items(moreThanSixFile)= , Supplier product code(lineItemSupplierPartID4)= , Unit price (excl. GST)(lineItemUnitPrice)=134.9, Delivery address line 1(deliveryAddress1)=262 Khyber Pass, Supplier name(supplierName)=WIKA Instruments Limited}]]>
              </value>
            </param>
          </params>
          <reporter-output>
          </reporter-output>
        </test-method> <!-- fill_Form_Test -->
        <test-method status="PASS" signature="tearDown()[pri:0, instance:com.qa.purchaseorder.testcase.PuchaseOrderTest@3b0090a4]" name="tearDown" is-config="true" duration-ms="744" started-at="2018-11-01T00:48:49Z" finished-at="2018-11-01T00:48:50Z">
          <reporter-output>
          </reporter-output>
        </test-method> <!-- tearDown -->
        <test-method status="PASS" signature="setUp()[pri:0, instance:com.qa.purchaseorder.testcase.PuchaseOrderTest@3b0090a4]" name="setUp" is-config="true" duration-ms="11642" started-at="2018-11-01T00:48:50Z" finished-at="2018-11-01T00:49:02Z">
          <reporter-output>
          </reporter-output>
        </test-method> <!-- setUp -->
        <test-method status="PASS" signature="fill_Form_Test(java.util.Map)[pri:0, instance:com.qa.purchaseorder.testcase.PuchaseOrderTest@3b0090a4]" name="fill_Form_Test" duration-ms="15184" started-at="2018-11-01T00:49:02Z" data-provider="data" finished-at="2018-11-01T00:49:17Z">
          <params>
            <param index="0">
              <value>
                <![CDATA[{Are you making this request on behalf of someone else?(onBehalf)=No, Unit price (excl. GST)(lineItemUnitPrice5)= , Email address(emailAddress)= , First name(givenName)=Sophie, Description(lineItemDescription5)= , Project code(deptProjCode)= , Is this request for BOC(typeOfRequest)=No, Quantity(lineItemQuantity4)= , Is the request to be charged to a(requestToBeChargedTo)=Department/Service Division, Enter BOC customer account number(bocCustomerAccount)= , UPI/Username(uid)=ZAI148, Upload PhD PReSS account spreadsheet(pressAccount)= , Supplier number(supplierNumber)=0000010755, Upload details of the split you require(costCentreSPlitUpload)= , Cost centre code(costCentre)=1644, Supplier product code(lineItemSupplierPartID5)= , Internal UOA Product Code(internalProductCode)= , Select the department, faculty or service division this request is for:(departmentFaculty)=Faculty of Science, Delivery room number(deliveryRoomNumber)=140, Delivery city(deliveryCity)=Auckland, Suppress PO price from supplier?(suppressPoAmount)=yes, Description(lineItemDescription)=Autoclave Safety Valve Callibration, How many line items are you requesting?(numberOfLineItems)=1, Select the faculty or service division this request is for:(facultyServiceDiv)=Financial Services, First name(fName)= , Unit price (excl. GST)(lineItemUnitPrice6)= , Request-Status=180925-000008, Description(lineItemDescription6)= , Topic Id=1580, Delivery building number(deliveryBuildingNumber)=903, Quantity(lineItemQuantity)=1, Quantity(lineItemQuantity3)= , Supplier product code(lineItemSupplierPartID6)= , Are you making this request on behalf of someone else? e.g. someone else is the primary contact for this order.(onBehalf)=No, Date goods/services are needed(dateNeeded)=28/10/2018, Last name(lName)= , UPI/Username(requestorUpi)= , Supplier product code(lineItemSupplierPartID2)= , The requestor is(isStudent)=Staff, Upload additional documents(Upload1)= , Internal UOA Product Code(internalUoaProductCode1)= , Queue Id=205, Please select one(isStudent)= , Account code(accountCode)=775040, Unit price (excl. GST)(lineItemUnitPrice2)= , FORM_SUBMIT_DATE=03/10/2018 10:03:27, Supplier product code(lineItemSupplierPartID)=001, Do you want to split this purchase order across cost centres, account codes or projects?(costCentreSplit)=No, Description(lineItemDescription3)= , Additional information(additionalInformation)= , Delivery address line 2(deliveryAddress2)=CBD, acknowledgement(acknowledgement)=I acknowledge that this request complies with University of Auckland Procurement Policy, Form Submission PDF(formSubmissionPDF)=, Quantity(lineItemQuantity2)= , Quantity(lineItemQuantity6)= , Project code(researchProjCode)= , Last name(sn)=Tregonning, Submitter=stre841, Supplier product code(lineItemSupplierPartID3)= , Upload 3(upload3)= , Request currency(requestCurrency)=NZD (New Zealand), Please provide your supervisor's UPI/Username(supervisorUPI)= , Upload 2(upload2)= , Supplier notes(supplierNotes)=Testing Supplier notes , Description(lineItemDescription2)= , Project code(phdProjCode)=11042.0, Account code(accountCodePress)=312771, Upload supervisors approval(supvApproval)=, Unit price (excl. GST)(lineItemUnitPrice3)= , Delivery post code(deliveryPostCode)=1023, Unit price (excl. GST)(lineItemUnitPrice4)= , Upload additional documents(upload2)=C:\Users\kbas663\Desktop\TestData\actual\testdoc.docx, Internal UOA Product Code(internalProductCode2)= , Description(lineItemDescription4)= , Upload additional documents for the supplier(Upload1)=C:\Users\kbas663\Desktop\TestData\actual\testdoc.docx, Email address(mail)=s.tregonning@auckland.ac.nz, Enter any additional notes about the split(splitComments)= , Quantity(lineItemQuantity5)= , Please attach a supporting document if there are more than 6 items(moreThanSixFile)= , Supplier product code(lineItemSupplierPartID4)= , Unit price (excl. GST)(lineItemUnitPrice)=134.9, Delivery address line 1(deliveryAddress1)=262 Khyber Pass, Supplier name(supplierName)=WIKA Instruments Limited}]]>
              </value>
            </param>
          </params>
          <reporter-output>
          </reporter-output>
        </test-method> <!-- fill_Form_Test -->
        <test-method status="PASS" signature="tearDown()[pri:0, instance:com.qa.purchaseorder.testcase.PuchaseOrderTest@3b0090a4]" name="tearDown" is-config="true" duration-ms="820" started-at="2018-11-01T00:49:17Z" finished-at="2018-11-01T00:49:18Z">
          <reporter-output>
          </reporter-output>
        </test-method> <!-- tearDown -->
      </class> <!-- com.qa.purchaseorder.testcase.PuchaseOrderTest -->
    </test> <!-- Default test -->
  </suite> <!-- Default suite -->
</testng-results>
